Removed Member From Class: ClassName=U_2S_BATTERY_CHARGER_SCH Member=C?
Removed Member From Class: ClassName=U_2S_BATTERY_PROTECTION_SCH Member=C?
Removed Member From Class: ClassName=U_2S_BATTERY_CHARGER_SCH Member=L?
Removed Member From Class: ClassName=U_2S_BATTERY_CHARGER_SCH Member=R?
Removed Member From Class: ClassName=U_2S_BATTERY_PROTECTION_SCH Member=R?
Removed Member From Class: ClassName=U_2S_BATTERY_CHARGER_SCH Member=U?
Removed Member From Class: ClassName=U_2S_BATTERY_PROTECTION_SCH Member=U?
Change Component Designator: OldDesignator=B? NewDesignator=B1
Change Component Designator: OldDesignator=C? NewDesignator=C1
Change Component Designator: OldDesignator=C? NewDesignator=C2
Change Component Designator: OldDesignator=C? NewDesignator=C8
Change Component Designator: OldDesignator=C? NewDesignator=C9
Change Component Designator: OldDesignator=C? NewDesignator=C10
Change Component Designator: OldDesignator=C? NewDesignator=C11
Change Component Designator: OldDesignator=C? NewDesignator=C12
Change Component Designator: OldDesignator=C? NewDesignator=C13
Change Component Designator: OldDesignator=C? NewDesignator=C14
Change Component Designator: OldDesignator=C? NewDesignator=C15
Change Component Designator: OldDesignator=C? NewDesignator=C16
Change Component Designator: OldDesignator=C? NewDesignator=C17
Change Component Designator: OldDesignator=C? NewDesignator=C18
Change Component Designator: OldDesignator=L? NewDesignator=L2
Change Component Designator: OldDesignator=L? NewDesignator=L3
Change Component Designator: OldDesignator=LED? NewDesignator=LED1
Change Component Designator: OldDesignator=R? NewDesignator=R1
Change Component Designator: OldDesignator=R? NewDesignator=R2
Change Component Designator: OldDesignator=R? NewDesignator=R3
Change Component Designator: OldDesignator=R? NewDesignator=R9
Change Component Designator: OldDesignator=R? NewDesignator=R10
Change Component Designator: OldDesignator=R? NewDesignator=R11
Change Component Designator: OldDesignator=R? NewDesignator=R12
Change Component Designator: OldDesignator=R? NewDesignator=R13
Change Component Designator: OldDesignator=U? NewDesignator=U1
Change Component Designator: OldDesignator=U? NewDesignator=U3
Change Component Designator: OldDesignator=U? NewDesignator=U4
Change Component Designator: OldDesignator=VT? NewDesignator=VT1
Change Net Name : Old Net Name=NetC?_1 New Net Name=NetC11_1
Change Net Name : Old Net Name=NetC?_2 New Net Name=NetC13_2
Change Net Name : Old Net Name=NetLED?_2 New Net Name=NetLED1_2
Change Net Name : Old Net Name=NetR?_2 New Net Name=NetR11_2
Change Net Name : Old Net Name=NetU?_1 New Net Name=NetU1_1
Change Net Name : Old Net Name=NetU?_2 New Net Name=NetU1_2
Change Net Name : Old Net Name=NetVT?_2 New Net Name=NetVT1_2
Added Pin To Net: NetName=NetC1_1 Pin=C1-1
Added Pin To Net: NetName=NetC1_1 Pin=R1-1
Added Pin To Net: NetName=NetC1_1 Pin=U1-5
Added Net: Name=NetC1_1
Added Pin To Net: NetName=NetC2_2 Pin=C2-2
Added Pin To Net: NetName=NetC2_2 Pin=R3-1
Added Pin To Net: NetName=NetC2_2 Pin=U1-4
Added Net: Name=NetC2_2
Added Pin To Net: NetName=NetC8_1 Pin=C8-1
Added Pin To Net: NetName=NetC8_1 Pin=C10-1
Added Net: Name=NetC8_1
Added Pin To Net: NetName=NetC9_1 Pin=C9-1
Added Pin To Net: NetName=NetC9_1 Pin=R9-1
Added Pin To Net: NetName=NetC9_1 Pin=U3-1
Added Net: Name=NetC9_1
Added Pin To Net: NetName=NetC11_2 Pin=C11-2
Added Pin To Net: NetName=NetC11_2 Pin=U3-3
Added Net: Name=NetC11_2
Added Pin To Net: NetName=NetC16_1 Pin=C16-1
Added Pin To Net: NetName=NetC16_1 Pin=U4-7
Added Net: Name=NetC16_1
Added Pin To Net: NetName=NetC16_2 Pin=C16-2
Added Pin To Net: NetName=NetC16_2 Pin=L3-2
Added Pin To Net: NetName=NetC16_2 Pin=U4-8
Added Net: Name=NetC16_2
Added Pin To Net: NetName=NetC18_2 Pin=C18-2
Added Pin To Net: NetName=NetC18_2 Pin=R10-2
Added Pin To Net: NetName=NetC18_2 Pin=U4-6
Added Net: Name=NetC18_2
Added Pin To Net: NetName=NetR2_2 Pin=R2-2
Added Pin To Net: NetName=NetR2_2 Pin=U1-3
Added Net: Name=NetR2_2
Added Pin To Net: NetName=NetR12_2 Pin=R12-2
Added Pin To Net: NetName=NetR12_2 Pin=U4-5
Added Net: Name=NetR12_2
Added Member To Class: ClassName=U_2S_BATTERY_PROTECTION_SCH Member=Component C1 Cap_0402
Added Member To Class: ClassName=U_2S_BATTERY_PROTECTION_SCH Member=Component C2 Cap_0402
Added Member To Class: ClassName=U_2S_BATTERY_BALANCER_SCH Member=Component C9 Cap_0402
Added Member To Class: ClassName=U_2S_BATTERY_BALANCER_SCH Member=Component C10 Cap_0603
Added Member To Class: ClassName=U_2S_BATTERY_BALANCER_SCH Member=Component C11 Cap_0402
Added Member To Class: ClassName=U_2S_BATTERY_BALANCER_SCH Member=Component C12 Cap_0603
Added Member To Class: ClassName=U_2S_BATTERY_CHARGER_SCH Member=Component C13 Cap_0603
Added Member To Class: ClassName=U_2S_BATTERY_CHARGER_SCH Member=Component C14 Cap_0603
Added Member To Class: ClassName=U_2S_BATTERY_CHARGER_SCH Member=Component C15 Cap_0603
Added Member To Class: ClassName=U_2S_BATTERY_CHARGER_SCH Member=Component C16 Cap_0603
Added Member To Class: ClassName=U_2S_BATTERY_CHARGER_SCH Member=Component C17 Cap_0603
Added Member To Class: ClassName=U_2S_BATTERY_CHARGER_SCH Member=Component C18 Cap_0603
Added Member To Class: ClassName=U_2S_BATTERY_CHARGER_SCH Member=Component L3 CD43
Added Member To Class: ClassName=U_2S_BATTERY_PROTECTION_SCH Member=Component R1
Added Member To Class: ClassName=U_2S_BATTERY_PROTECTION_SCH Member=Component R2
Added Member To Class: ClassName=U_2S_BATTERY_PROTECTION_SCH Member=Component R3
Added Member To Class: ClassName=U_2S_BATTERY_CHARGER_SCH Member=Component R10 Resistor_0603
Added Member To Class: ClassName=U_2S_BATTERY_CHARGER_SCH Member=Component R11 Resistor_0603
Added Member To Class: ClassName=U_2S_BATTERY_CHARGER_SCH Member=Component R12 Resistor_0603
Added Member To Class: ClassName=U_2S_BATTERY_CHARGER_SCH Member=Component R13 Resistor_0603
Added Member To Class: ClassName=U_2S_BATTERY_PROTECTION_SCH Member=Component U1 HY2120
Added Member To Class: ClassName=U_2S_BATTERY_CHARGER_SCH Member=Component U4 IP2325
