Removed Pin From Net: NetName=+12V Pin=K17-2
Removed Pin From Net: NetName=OUT_COM Pin=K17-4
Removed Pin From Net: NetName=+12V Pin=K18-2
Removed Pin From Net: NetName=OUT_COM Pin=K18-4
Removed Pin From Net: NetName=+12V Pin=K19-2
Removed Pin From Net: NetName=OUT_COM Pin=K19-4
Removed Pin From Net: NetName=+12V Pin=K20-2
Removed Pin From Net: NetName=OUT_COM Pin=K20-4
Removed Pin From Net: NetName=+12V Pin=K21-2
Removed Pin From Net: NetName=OUT_COM Pin=K21-4
Removed Pin From Net: NetName=+12V Pin=K22-2
Removed Pin From Net: NetName=OUT_COM Pin=K22-4
Removed Pin From Net: NetName=+12V Pin=K23-2
Removed Pin From Net: NetName=OUT_COM Pin=K23-4
Removed Pin From Net: NetName=+12V Pin=K24-2
Removed Pin From Net: NetName=OUT_COM Pin=K24-4
Removed Pin From Net: NetName=GND_5V Pin=R49-2
Removed Pin From Net: NetName=GND_5V Pin=R51-2
Removed Pin From Net: NetName=GND_5V Pin=R52-2
Removed Pin From Net: NetName=GND_5V Pin=R54-2
Removed Pin From Net: NetName=GND_5V Pin=R55-2
Removed Pin From Net: NetName=GND_5V Pin=R57-2
Removed Pin From Net: NetName=GND_5V Pin=R58-2
Removed Pin From Net: NetName=GND_5V Pin=R60-2
Removed Pin From Net: NetName=GND_5V Pin=R61-2
Removed Pin From Net: NetName=GND_5V Pin=R63-2
Removed Pin From Net: NetName=GND_5V Pin=R64-2
Removed Pin From Net: NetName=GND_5V Pin=R66-2
Removed Pin From Net: NetName=GND_5V Pin=R67-2
Removed Pin From Net: NetName=GND_5V Pin=R69-2
Removed Pin From Net: NetName=GND_5V Pin=R70-2
Removed Pin From Net: NetName=GND_5V Pin=R72-2
Removed Pin From Net: NetName=+12V Pin=U18-4
Removed Pin From Net: NetName=+12V Pin=U19-4
Removed Pin From Net: NetName=+12V Pin=U20-4
Removed Pin From Net: NetName=+12V Pin=U21-4
Removed Pin From Net: NetName=+12V Pin=U22-4
Removed Pin From Net: NetName=+12V Pin=U23-4
Removed Pin From Net: NetName=+12V Pin=U24-4
Removed Pin From Net: NetName=+12V Pin=U25-4
Removed Pin From Net: NetName=+12V Pin=VD17-1
Removed Pin From Net: NetName=+12V Pin=VD18-1
Removed Pin From Net: NetName=+12V Pin=VD19-1
Removed Pin From Net: NetName=+12V Pin=VD20-1
Removed Pin From Net: NetName=+12V Pin=VD21-1
Removed Pin From Net: NetName=+12V Pin=VD22-1
Removed Pin From Net: NetName=+12V Pin=VD23-1
Removed Pin From Net: NetName=+12V Pin=VD24-1
Removed Pin From Net: NetName=GND_12V Pin=VT17-3
Removed Pin From Net: NetName=GND_12V Pin=VT18-3
Removed Pin From Net: NetName=GND_12V Pin=VT19-3
Removed Pin From Net: NetName=GND_12V Pin=VT20-3
Removed Pin From Net: NetName=GND_12V Pin=VT21-3
Removed Pin From Net: NetName=GND_12V Pin=VT22-3
Removed Pin From Net: NetName=GND_12V Pin=VT23-3
Removed Pin From Net: NetName=GND_12V Pin=VT24-3
Removed Member From Class: ClassName=U_TU_ADV_SCH Member=K17
Removed Member From Class: ClassName=U_TU_ADV_SCH Member=K18
Removed Member From Class: ClassName=U_TU_ADV_SCH Member=K19
Removed Member From Class: ClassName=U_TU_ADV_SCH Member=K20
Removed Member From Class: ClassName=U_TU_ADV_SCH Member=K21
Removed Member From Class: ClassName=U_TU_ADV_SCH Member=K22
Removed Member From Class: ClassName=U_TU_ADV_SCH Member=K23
Removed Member From Class: ClassName=U_TU_ADV_SCH Member=K24
Removed Member From Class: ClassName=U_TU_ADV_SCH Member=R49
Removed Member From Class: ClassName=U_TU_ADV_SCH Member=R50
Removed Member From Class: ClassName=U_TU_ADV_SCH Member=R51
Removed Member From Class: ClassName=U_TU_ADV_SCH Member=R52
Removed Member From Class: ClassName=U_TU_ADV_SCH Member=R53
Removed Member From Class: ClassName=U_TU_ADV_SCH Member=R54
Removed Member From Class: ClassName=U_TU_ADV_SCH Member=R55
Removed Member From Class: ClassName=U_TU_ADV_SCH Member=R56
Removed Member From Class: ClassName=U_TU_ADV_SCH Member=R57
Removed Member From Class: ClassName=U_TU_ADV_SCH Member=R58
Removed Member From Class: ClassName=U_TU_ADV_SCH Member=R59
Removed Member From Class: ClassName=U_TU_ADV_SCH Member=R60
Removed Member From Class: ClassName=U_TU_ADV_SCH Member=R61
Removed Member From Class: ClassName=U_TU_ADV_SCH Member=R62
Removed Member From Class: ClassName=U_TU_ADV_SCH Member=R63
Removed Member From Class: ClassName=U_TU_ADV_SCH Member=R64
Removed Member From Class: ClassName=U_TU_ADV_SCH Member=R65
Removed Member From Class: ClassName=U_TU_ADV_SCH Member=R66
Removed Member From Class: ClassName=U_TU_ADV_SCH Member=R67
Removed Member From Class: ClassName=U_TU_ADV_SCH Member=R68
Removed Member From Class: ClassName=U_TU_ADV_SCH Member=R69
Removed Member From Class: ClassName=U_TU_ADV_SCH Member=R70
Removed Member From Class: ClassName=U_TU_ADV_SCH Member=R71
Removed Member From Class: ClassName=U_TU_ADV_SCH Member=R72
Removed Member From Class: ClassName=U_TU_ADV_SCH Member=U18
Removed Member From Class: ClassName=U_TU_ADV_SCH Member=U19
Removed Member From Class: ClassName=U_TU_ADV_SCH Member=U20
Removed Member From Class: ClassName=U_TU_ADV_SCH Member=U21
Removed Member From Class: ClassName=U_TU_ADV_SCH Member=U22
Removed Member From Class: ClassName=U_TU_ADV_SCH Member=U23
Removed Member From Class: ClassName=U_TU_ADV_SCH Member=U24
Removed Member From Class: ClassName=U_TU_ADV_SCH Member=U25
Removed Member From Class: ClassName=U_TU_ADV_SCH Member=VD17
Removed Member From Class: ClassName=U_TU_ADV_SCH Member=VD18
Removed Member From Class: ClassName=U_TU_ADV_SCH Member=VD19
Removed Member From Class: ClassName=U_TU_ADV_SCH Member=VD20
Removed Member From Class: ClassName=U_TU_ADV_SCH Member=VD21
Removed Member From Class: ClassName=U_TU_ADV_SCH Member=VD22
Removed Member From Class: ClassName=U_TU_ADV_SCH Member=VD23
Removed Member From Class: ClassName=U_TU_ADV_SCH Member=VD24
Removed Member From Class: ClassName=U_TU_ADV_SCH Member=VT17
Removed Member From Class: ClassName=U_TU_ADV_SCH Member=VT18
Removed Member From Class: ClassName=U_TU_ADV_SCH Member=VT19
Removed Member From Class: ClassName=U_TU_ADV_SCH Member=VT20
Removed Member From Class: ClassName=U_TU_ADV_SCH Member=VT21
Removed Member From Class: ClassName=U_TU_ADV_SCH Member=VT22
Removed Member From Class: ClassName=U_TU_ADV_SCH Member=VT23
Removed Member From Class: ClassName=U_TU_ADV_SCH Member=VT24
Add Component: Footprint Not Found AM1D-1212SH
Add Component: Footprint Not Found 74HC595
Add Component: Footprint Not Found 74HC595
Add Pin To Net: Unknown Pin: Pin U17-1
Add Pin To Net: Unknown Pin: Pin U17-2
Add Pin To Net: Unknown Pin: Pin U17-3
Add Pin To Net: Unknown Pin: Pin U17-4
Add Pin To Net: Unknown Pin: Pin U35-1
Add Pin To Net: Unknown Pin: Pin U35-2
Add Pin To Net: Unknown Pin: Pin U35-3
Add Pin To Net: Unknown Pin: Pin U35-4
Add Pin To Net: Unknown Pin: Pin U35-5
Add Pin To Net: Unknown Pin: Pin U35-6
Add Pin To Net: Unknown Pin: Pin U35-7
Add Pin To Net: Unknown Pin: Pin U35-8
Add Pin To Net: Unknown Pin: Pin U35-10
Add Pin To Net: Unknown Pin: Pin U35-11
Add Pin To Net: Unknown Pin: Pin U35-12
Add Pin To Net: Unknown Pin: Pin U35-13
Add Pin To Net: Unknown Pin: Pin U35-14
Add Pin To Net: Unknown Pin: Pin U35-15
Add Pin To Net: Unknown Pin: Pin U35-16
Add Pin To Net: Unknown Pin: Pin U36-1
Add Pin To Net: Unknown Pin: Pin U36-2
Add Pin To Net: Unknown Pin: Pin U36-3
Add Pin To Net: Unknown Pin: Pin U36-4
Add Pin To Net: Unknown Pin: Pin U36-5
Add Pin To Net: Unknown Pin: Pin U36-6
Add Pin To Net: Unknown Pin: Pin U36-7
Add Pin To Net: Unknown Pin: Pin U36-8
Add Pin To Net: Unknown Pin: Pin U36-10
Add Pin To Net: Unknown Pin: Pin U36-11
Add Pin To Net: Unknown Pin: Pin U36-12
Add Pin To Net: Unknown Pin: Pin U36-13
Add Pin To Net: Unknown Pin: Pin U36-14
Add Pin To Net: Unknown Pin: Pin U36-15
Add Pin To Net: Unknown Pin: Pin U36-16
Add Class Member: Failed to add class member : Component U17 AM1D-1212SH
Add Class Member: Failed to add class member : Component U35 74HC595
Add Class Member: Failed to add class member : Component U36 74HC595
