Removed Pin From Net: NetName=GND Pin=C3-1
Removed Pin From Net: NetName=GND Pin=C4-1
Removed Pin From Net: NetName=GND Pin=C7-1
Removed Pin From Net: NetName=GND Pin=C8-1
Removed Pin From Net: NetName=GND Pin=C9-1
Removed Pin From Net: NetName=GND Pin=C10-1
Removed Pin From Net: NetName=GND Pin=C11-1
Removed Pin From Net: NetName=GND Pin=C12-1
Removed Pin From Net: NetName=GND Pin=C13-1
Removed Pin From Net: NetName=GND Pin=C14-1
Removed Pin From Net: NetName=GND Pin=C15-1
Removed Pin From Net: NetName=GND Pin=C16-1
Add Component: Footprint Not Found AM1D-1212SH
Add Component: Footprint Not Found 74HC595
Add Component: Footprint Not Found 74HC595
Added Pin To Net: NetName=GND_5V Pin=C3-1
Added Pin To Net: NetName=GND_5V Pin=C4-1
Added Pin To Net: NetName=GND_5V Pin=C7-1
Added Pin To Net: NetName=GND_5V Pin=C8-1
Added Pin To Net: NetName=GND_5V Pin=C9-1
Added Pin To Net: NetName=GND_5V Pin=C10-1
Added Pin To Net: NetName=GND_5V Pin=C11-1
Added Pin To Net: NetName=GND_5V Pin=C12-1
Added Pin To Net: NetName=GND_5V Pin=C13-1
Added Pin To Net: NetName=GND_5V Pin=C14-1
Added Pin To Net: NetName=GND_5V Pin=C15-1
Added Pin To Net: NetName=GND_5V Pin=C16-1
Add Pin To Net: Unknown Pin: Pin U17-1
Add Pin To Net: Unknown Pin: Pin U17-2
Add Pin To Net: Unknown Pin: Pin U17-3
Add Pin To Net: Unknown Pin: Pin U17-4
Add Pin To Net: Unknown Pin: Pin U35-1
Add Pin To Net: Unknown Pin: Pin U35-2
Add Pin To Net: Unknown Pin: Pin U35-3
Add Pin To Net: Unknown Pin: Pin U35-4
Add Pin To Net: Unknown Pin: Pin U35-5
Add Pin To Net: Unknown Pin: Pin U35-6
Add Pin To Net: Unknown Pin: Pin U35-7
Add Pin To Net: Unknown Pin: Pin U35-8
Add Pin To Net: Unknown Pin: Pin U35-10
Add Pin To Net: Unknown Pin: Pin U35-11
Add Pin To Net: Unknown Pin: Pin U35-12
Add Pin To Net: Unknown Pin: Pin U35-13
Add Pin To Net: Unknown Pin: Pin U35-14
Add Pin To Net: Unknown Pin: Pin U35-15
Add Pin To Net: Unknown Pin: Pin U35-16
Add Pin To Net: Unknown Pin: Pin U36-1
Add Pin To Net: Unknown Pin: Pin U36-2
Add Pin To Net: Unknown Pin: Pin U36-3
Add Pin To Net: Unknown Pin: Pin U36-4
Add Pin To Net: Unknown Pin: Pin U36-5
Add Pin To Net: Unknown Pin: Pin U36-6
Add Pin To Net: Unknown Pin: Pin U36-7
Add Pin To Net: Unknown Pin: Pin U36-8
Add Pin To Net: Unknown Pin: Pin U36-10
Add Pin To Net: Unknown Pin: Pin U36-11
Add Pin To Net: Unknown Pin: Pin U36-12
Add Pin To Net: Unknown Pin: Pin U36-13
Add Pin To Net: Unknown Pin: Pin U36-14
Add Pin To Net: Unknown Pin: Pin U36-15
Add Pin To Net: Unknown Pin: Pin U36-16
Add Class Member: Failed to add class member : Component U17 AM1D-1212SH
Add Class Member: Failed to add class member : Component U35 74HC595
Add Class Member: Failed to add class member : Component U36 74HC595
