Removed Pin From Net: NetName=tu_1 Pin=R1-1
Removed Pin From Net: NetName=tu_2 Pin=R4-1
Removed Pin From Net: NetName=tu_3 Pin=R7-1
Removed Pin From Net: NetName=tu_4 Pin=R10-1
Removed Pin From Net: NetName=tu_5 Pin=R13-1
Removed Pin From Net: NetName=tu_6 Pin=R16-1
Removed Pin From Net: NetName=tu_7 Pin=R19-1
Removed Pin From Net: NetName=tu_8 Pin=R22-1
Removed Pin From Net: NetName=tu_9 Pin=R25-1
Removed Pin From Net: NetName=tu_10 Pin=R28-1
Removed Pin From Net: NetName=tu_11 Pin=R31-1
Removed Pin From Net: NetName=tu_12 Pin=R34-1
Removed Pin From Net: NetName=tu_13 Pin=R37-1
Removed Pin From Net: NetName=tu_14 Pin=R40-1
Removed Pin From Net: NetName=tu_15 Pin=R43-1
Removed Pin From Net: NetName=tu_1 Pin=U1-1
Removed Pin From Net: NetName=tu_2 Pin=U2-1
Removed Pin From Net: NetName=tu_3 Pin=U3-1
Removed Pin From Net: NetName=tu_4 Pin=U4-1
Removed Pin From Net: NetName=tu_5 Pin=U5-1
Removed Pin From Net: NetName=tu_6 Pin=U6-1
Removed Pin From Net: NetName=tu_7 Pin=U7-1
Removed Pin From Net: NetName=tu_8 Pin=U8-1
Removed Pin From Net: NetName=tu_9 Pin=U9-1
Removed Pin From Net: NetName=tu_10 Pin=U10-1
Removed Pin From Net: NetName=tu_11 Pin=U11-1
Removed Pin From Net: NetName=tu_12 Pin=U12-1
Removed Pin From Net: NetName=tu_13 Pin=U13-1
Removed Pin From Net: NetName=tu_14 Pin=U14-1
Removed Pin From Net: NetName=tu_15 Pin=U15-1
Add Component: Footprint Not Found AM1D-1212SH
Add Component: Footprint Not Found 74HC595
Add Component: Footprint Not Found 74HC595
Added Pin To Net: NetName=tu_1 Pin=R4-1
Added Pin To Net: NetName=tu_2 Pin=R7-1
Added Pin To Net: NetName=tu_3 Pin=R10-1
Added Pin To Net: NetName=tu_4 Pin=R13-1
Added Pin To Net: NetName=tu_5 Pin=R16-1
Added Pin To Net: NetName=tu_6 Pin=R19-1
Added Pin To Net: NetName=tu_7 Pin=R22-1
Added Pin To Net: NetName=tu_8 Pin=R25-1
Added Pin To Net: NetName=tu_9 Pin=R28-1
Added Pin To Net: NetName=tu_10 Pin=R31-1
Added Pin To Net: NetName=tu_11 Pin=R34-1
Added Pin To Net: NetName=tu_12 Pin=R37-1
Added Pin To Net: NetName=tu_13 Pin=R40-1
Added Pin To Net: NetName=tu_14 Pin=R43-1
Added Pin To Net: NetName=tu_15 Pin=R46-1
Added Pin To Net: NetName=tu_1 Pin=U2-1
Added Pin To Net: NetName=tu_2 Pin=U3-1
Added Pin To Net: NetName=tu_3 Pin=U4-1
Added Pin To Net: NetName=tu_4 Pin=U5-1
Added Pin To Net: NetName=tu_5 Pin=U6-1
Added Pin To Net: NetName=tu_6 Pin=U7-1
Added Pin To Net: NetName=tu_7 Pin=U8-1
Added Pin To Net: NetName=tu_8 Pin=U9-1
Added Pin To Net: NetName=tu_9 Pin=U10-1
Added Pin To Net: NetName=tu_10 Pin=U11-1
Added Pin To Net: NetName=tu_11 Pin=U12-1
Added Pin To Net: NetName=tu_12 Pin=U13-1
Added Pin To Net: NetName=tu_13 Pin=U14-1
Added Pin To Net: NetName=tu_14 Pin=U15-1
Added Pin To Net: NetName=tu_15 Pin=U16-1
Add Pin To Net: Unknown Pin: Pin U17-1
Add Pin To Net: Unknown Pin: Pin U17-2
Add Pin To Net: Unknown Pin: Pin U17-3
Add Pin To Net: Unknown Pin: Pin U17-4
Added Pin To Net: NetName=tu_7 Pin=U34-2
Added Pin To Net: NetName=tu_6 Pin=U34-3
Added Pin To Net: NetName=tu_5 Pin=U34-4
Added Pin To Net: NetName=tu_4 Pin=U34-5
Added Pin To Net: NetName=tu_3 Pin=U34-6
Added Pin To Net: NetName=tu_2 Pin=U34-7
Added Pin To Net: NetName=tu_1 Pin=U34-8
Added Pin To Net: NetName=tu_15 Pin=U34-16
Added Pin To Net: NetName=tu_14 Pin=U34-17
Added Pin To Net: NetName=tu_13 Pin=U34-18
Added Pin To Net: NetName=tu_12 Pin=U34-19
Added Pin To Net: NetName=tu_11 Pin=U34-20
Added Pin To Net: NetName=tu_10 Pin=U34-21
Added Pin To Net: NetName=tu_9 Pin=U34-22
Added Pin To Net: NetName=tu_8 Pin=U34-23
Add Pin To Net: Unknown Pin: Pin U35-1
Add Pin To Net: Unknown Pin: Pin U35-2
Add Pin To Net: Unknown Pin: Pin U35-3
Add Pin To Net: Unknown Pin: Pin U35-4
Add Pin To Net: Unknown Pin: Pin U35-5
Add Pin To Net: Unknown Pin: Pin U35-6
Add Pin To Net: Unknown Pin: Pin U35-7
Add Pin To Net: Unknown Pin: Pin U35-8
Add Pin To Net: Unknown Pin: Pin U35-10
Add Pin To Net: Unknown Pin: Pin U35-11
Add Pin To Net: Unknown Pin: Pin U35-12
Add Pin To Net: Unknown Pin: Pin U35-13
Add Pin To Net: Unknown Pin: Pin U35-14
Add Pin To Net: Unknown Pin: Pin U35-15
Add Pin To Net: Unknown Pin: Pin U35-16
Add Pin To Net: Unknown Pin: Pin U36-1
Add Pin To Net: Unknown Pin: Pin U36-2
Add Pin To Net: Unknown Pin: Pin U36-3
Add Pin To Net: Unknown Pin: Pin U36-4
Add Pin To Net: Unknown Pin: Pin U36-5
Add Pin To Net: Unknown Pin: Pin U36-6
Add Pin To Net: Unknown Pin: Pin U36-7
Add Pin To Net: Unknown Pin: Pin U36-8
Add Pin To Net: Unknown Pin: Pin U36-10
Add Pin To Net: Unknown Pin: Pin U36-11
Add Pin To Net: Unknown Pin: Pin U36-12
Add Pin To Net: Unknown Pin: Pin U36-13
Add Pin To Net: Unknown Pin: Pin U36-14
Add Pin To Net: Unknown Pin: Pin U36-15
Add Pin To Net: Unknown Pin: Pin U36-16
Added Pin To Net: NetName=tu_0 Pin=R1-1
Added Pin To Net: NetName=tu_0 Pin=U1-1
Added Pin To Net: NetName=tu_0 Pin=U34-9
Added Net: Name=tu_0
Add Class Member: Failed to add class member : Component U17 AM1D-1212SH
Add Class Member: Failed to add class member : Component U35 74HC595
Add Class Member: Failed to add class member : Component U36 74HC595
