Removed Pin From Net: NetName=BAT+ Pin=C26-1
Removed Pin From Net: NetName=GND Pin=C26-2
Removed Pin From Net: NetName=+2V5 Pin=C27-2
Removed Pin From Net: NetName=GND Pin=U8-1
Removed Pin From Net: NetName=+2V5 Pin=U8-2
Removed Pin From Net: NetName=+2V5 Pin=U8-4
Change Component Footprint: Designator=C26 Old Footprint=CAP: 0603 New Footprint=CAP: 0402
Change Component Footprint: Designator=C27 Old Footprint=CAP: 0603 New Footprint=CAP: 0402
Change Component Footprint: Designator=U8 Old Footprint=SOT-223-3 New Footprint=SOT-23-5
Change Component Comment : Designator=C26 Old Comment=Cap_0603 New Comment=Cap_0402
Change Component Comment : Designator=C27 Old Comment=Cap_0603 New Comment=Cap_0402
Change Component Comment : Designator=U8 Old Comment=LD1117 New Comment=LD1117S33CTR
Change component parameters: Designator = "C26" ("C26"); Footprint = "CAP: 0603"; UniqueID = "\LDVZNREF" ("\LDVZNREF")
Change component parameters (AddParameter): Name = "Analogue"; Value = ""; VariantName = "[No Variations]"
Change component parameters (AddParameter): Name = "Datasheet"; Value = ""; VariantName = "[No Variations]"
Change component parameters (AddParameter): Name = "HelpURL"; Value = ""; VariantName = "[No Variations]"
Change component parameters (AddParameter): Name = "Manufacturer"; Value = ""; VariantName = "[No Variations]"
Change component parameters (AddParameter): Name = "Package/Case"; Value = "0402"; VariantName = "[No Variations]"
Change component parameters (AddParameter): Name = "Product Category"; Value = "Capacitors"; VariantName = "[No Variations]"
Change component parameters (AddParameter): Name = "Temperature"; Value = "-55...+125°C(-55...+85°C)"; VariantName = "[No Variations]"
Change component parameters (AddParameter): Name = "TypeDielectric"; Value = "X7R(X5R)"; VariantName = "[No Variations]"
Change component parameters (AddParameter): Name = "Value"; Value = "4.7?F"; VariantName = "[No Variations]"
Change component parameters (AddParameter): Name = "Voltage"; Value = "X5R 6.3Â 20%"; VariantName = "[No Variations]"
Change component parameters: Designator = "C27" ("C27"); Footprint = "CAP: 0603"; UniqueID = "\XFSORHXL" ("\XFSORHXL")
Change component parameters (AddParameter): Name = "Analogue"; Value = ""; VariantName = "[No Variations]"
Change component parameters (AddParameter): Name = "Datasheet"; Value = ""; VariantName = "[No Variations]"
Change component parameters (AddParameter): Name = "HelpURL"; Value = ""; VariantName = "[No Variations]"
Change component parameters (AddParameter): Name = "Manufacturer"; Value = ""; VariantName = "[No Variations]"
Change component parameters (AddParameter): Name = "Package/Case"; Value = "0402"; VariantName = "[No Variations]"
Change component parameters (AddParameter): Name = "Product Category"; Value = "Capacitors"; VariantName = "[No Variations]"
Change component parameters (AddParameter): Name = "Temperature"; Value = "-55...+125°C(-55...+85°C)"; VariantName = "[No Variations]"
Change component parameters (AddParameter): Name = "TypeDielectric"; Value = "X7R(X5R)"; VariantName = "[No Variations]"
Change component parameters (AddParameter): Name = "Value"; Value = "4.7?F"; VariantName = "[No Variations]"
Change component parameters (AddParameter): Name = "Voltage"; Value = "X5R 6.3Â 20%"; VariantName = "[No Variations]"
Change component parameters: Designator = "U8" ("U8"); Footprint = "SOT-223-3"; UniqueID = "\UIMAOSSK" ("\UIMAOSSK")
Change component parameters (AddParameter): Name = "Analogue"; Value = ""; VariantName = "[No Variations]"
Change component parameters (AddParameter): Name = "Datasheet"; Value = "https://static.chipdip.ru/lib/363/DOC011363081.pdf"; VariantName = "[No Variations]"
Change component parameters (AddParameter): Name = "HelpURL"; Value = "https://www.chipdip.by/product/ld3985m25r"; VariantName = "[No Variations]"
Change component parameters (AddParameter): Name = "Manufacturer"; Value = "STMicroelectronics"; VariantName = "[No Variations]"
Change component parameters (AddParameter): Name = "Package/Case"; Value = "SOT-23-5"; VariantName = "[No Variations]"
Change component parameters (AddParameter): Name = "Product Category"; Value = "Voltage regulators"; VariantName = "[No Variations]"
Change component parameters (AddParameter): Name = "Value"; Value = "LD3985M25R"; VariantName = "[No Variations]"
Added Component: Designator=C30(CAP: 0402)
Add component (AddParameter): Name = "Analogue"; Value = ""; VariantName = "[No Variations]"
Add component (AddParameter): Name = "Datasheet"; Value = ""; VariantName = "[No Variations]"
Add component (AddParameter): Name = "HelpURL"; Value = ""; VariantName = "[No Variations]"
Add component (AddParameter): Name = "Manufacturer"; Value = ""; VariantName = "[No Variations]"
Add component (AddParameter): Name = "Package/Case"; Value = "0402"; VariantName = "[No Variations]"
Add component (AddParameter): Name = "Product Category"; Value = "Capacitors"; VariantName = "[No Variations]"
Add component (AddParameter): Name = "Temperature"; Value = "-55...+125°C(-55...+85°C)"; VariantName = "[No Variations]"
Add component (AddParameter): Name = "TypeDielectric"; Value = "X7R(X5R)"; VariantName = "[No Variations]"
Add component (AddParameter): Name = "Value"; Value = "10nF"; VariantName = "[No Variations]"
Add component (AddParameter): Name = "Voltage"; Value = "X5R 6.3Â 20%"; VariantName = "[No Variations]"
Added Pin To Net: NetName=GND Pin=C26-1
Added Pin To Net: NetName=BAT+ Pin=C26-2
Added Pin To Net: NetName=GND Pin=C30-2
Added Pin To Net: NetName=BAT+ Pin=U8-1
Added Pin To Net: NetName=GND Pin=U8-2
Added Pin To Net: NetName=NetC27_2 Pin=C27-2
Added Pin To Net: NetName=NetC27_2 Pin=U8-5
Added Net: Name=NetC27_2
Added Pin To Net: NetName=NetC30_1 Pin=C30-1
Added Pin To Net: NetName=NetC30_1 Pin=U8-4
Added Net: Name=NetC30_1
Added Member To Class: ClassName=FLASHLIGHT_MAIN_SCH Member=Component C30 Cap_0402
